2025-02-05 08:56:17.948 - DBeaver 24.3.0.202412011650 is starting
2025-02-05 08:56:17.949 - OS: Windows 10 10.0 (amd64)
2025-02-05 08:56:17.950 - Java version: 17.0.6 by Eclipse Adoptium (64bit)
2025-02-05 08:56:17.950 - Install path: 'D:\web_0900_sds\dbms_resource\resource\dbeaver-ce-24.3.0-win32.win32.x86_64\dbeaver'
2025-02-05 08:56:17.950 - Instance path: 'file:/D:/web_0900_sds/jsp_6/dbms/'
2025-02-05 08:56:17.952 - Memory available 64Mb/1024Mb
2025-02-05 08:56:17.953 - Platform not initialized: metadata folder may be not set
2025-02-05 08:56:17.963 - Create display
2025-02-05 08:56:18.068 - Initialize desktop platform...
2025-02-05 08:56:18.177 - BounceCastle bundle found. Use JCE provider BC
> Start Core File Systems [org.eclipse.core.filesystem 1.11.0.v20240824-0952]
> Start Core Resource Management [org.eclipse.core.resources 3.21.0.v20240805-1607]
> Start Team Support Core [org.eclipse.team.core 3.10.500.v20240621-0541]
> Start DBeaver UI Navigator [org.jkiss.dbeaver.ui.navigator 1.0.144.202412011650]
2025-02-05 08:56:18.376 - Initialize base platform...
> Start DBeaver UI Editors - Base [org.jkiss.dbeaver.ui.editors.base 1.0.144.202412011650]
2025-02-05 08:56:18.401 - send collected statistics
2025-02-05 08:56:18.415 - Platform initialized (346ms)
2025-02-05 08:56:18.470 - Starting instance server at http://localhost:49851
2025-02-05 08:56:18.476 - Run workbench
> Start Eclipse e4 Workbench SWT [org.eclipse.e4.ui.workbench.swt 0.17.500.v20240807-0911]
> Start Eclipse Application Services [org.eclipse.e4.core.services 2.4.400.v20240413-1529]
> Start Eclipse UI Application Services [org.eclipse.e4.ui.services 1.6.300.v20231201-1637]
> Start Eclipse e4 Progress View [org.eclipse.e4.ui.progress 0.4.600.v20240606-1020]
> Start Eclipse Bindings Support [org.eclipse.e4.ui.bindings 0.14.400.v20240321-1245]
> Start Eclipse e4 core commands [org.eclipse.e4.core.commands 1.1.400.v20240424-0444]
> Start EMF XML/XMI Persistence [org.eclipse.emf.ecore.xmi 2.38.0.v20240721-0634]
> Start Eclipse CSS SWT Theme Support [org.eclipse.e4.ui.css.swt.theme 0.14.400.v20240424-0956]
> Start Eclipse e4 Workbench Add-ons [org.eclipse.e4.ui.workbench.addons.swt 1.5.500.v20240620-1945]
> Start Eclipse e4 Workbench SWT Renderer [org.eclipse.e4.ui.workbench.renderers.swt 0.16.500.v20240727-1037]
> Start Eclipse Dependency Injection Extensions [org.eclipse.e4.core.di.extensions 0.18.300.v20240413-1529]
> Start Eclipse CSS SWT Support [org.eclipse.e4.ui.css.swt 0.15.400.v20240321-1245]
> Start Default Text Editor [org.eclipse.ui.editors 3.18.0.v20240807-0735]
> Start Text Editor Framework [org.eclipse.ui.workbench.texteditor 3.18.0.v20240819-1419]
2025-02-05 08:56:20.098 - Configure workbench window
> Start DBeaver SQL Model [org.jkiss.dbeaver.model.sql 1.0.134.202412011650]
2025-02-05 08:56:20.195 - Script dialect 'gbase8s' not found in registry (for data source provider gbase8s). Use default.
2025-02-05 08:56:20.240 - Total database drivers: 121 (121)
> Start Help System Core [org.eclipse.help 3.10.400.v20240415-0528]
2025-02-05 08:56:20.302 - Create actions
2025-02-05 08:56:20.309 - Disable Eclipse action set 'org.eclipse.ui.edit.text.actionSet.annotationNavigation'
2025-02-05 08:56:20.310 - Disable Eclipse action set 'org.eclipse.ui.WorkingSetActionSet'
2025-02-05 08:56:20.310 - Disable Eclipse action set 'org.eclipse.ui.actionSet.openFiles'
2025-02-05 08:56:20.310 - Create workbench actions
2025-02-05 08:56:20.785 - Initialize workbench window
2025-02-05 08:56:20.796 - Finish initialization
> Start DBeaver UI Editors - Data [org.jkiss.dbeaver.ui.editors.data 1.0.144.202412011650]
Warning: NLS unused message: actions_navigator__objects in: org.jkiss.dbeaver.ui.editors.sql.internal.SQLEditorMessages
> Start DBeaver UI Editors - SQL [org.jkiss.dbeaver.ui.editors.sql 1.0.144.202412011650]
> Start DBeaver SQL Terminal [org.jkiss.dbeaver.ui.editors.sql.terminal 1.0.120.202412011650]
> Start Core Compare Support [org.eclipse.compare.core 3.8.500.v20240524-2010]
> Start Internet Connection Management UI [org.eclipse.ui.net 1.5.400.v20240413-1529]
> Start Internet Connection Management [org.eclipse.core.net 1.5.500.v20240625-1706]
> Start DBeaver Sample Database [org.jkiss.dbeaver.ext.sample.database 1.0.181.202412011650]
> Start DBeaver Tip of the day [org.jkiss.dbeaver.ext.ui.tipoftheday 1.0.150.202412011650]
> Start GEF Classic Draw2d [org.eclipse.draw2d 3.17.0.202409021815]
> Start GEF Classic GEF (MVC) [org.eclipse.gef 3.19.0.202409021815]
> Start DBeaver ERD UI [org.jkiss.dbeaver.erd.ui 3.0.104.202412011650]
> Start DBeaver ERD Model [org.jkiss.dbeaver.erd.model 1.0.104.202412011650]
> Start DBeaver Dashboard UI [org.jkiss.dbeaver.ui.dashboard 1.0.141.202412011650]
> Start DBeaver UI Editors - Connections [org.jkiss.dbeaver.ui.editors.connection 1.0.135.202412011650]
> Start DBeaver JDBC Model [org.jkiss.dbeaver.model.jdbc 1.0.37.202412011650]
> Start DBeaver Oracle Model [org.jkiss.dbeaver.ext.oracle 2.1.229.202412011650]
> Start DBeaver Tasks - Native Tools UI [org.jkiss.dbeaver.tasks.native.ui 1.0.122.202412011650]
> Start DBeaver Oracle UI [org.jkiss.dbeaver.ext.oracle.ui 1.0.131.202412011650]
> Start DBeaver Tasks - General UI [org.jkiss.dbeaver.tasks.ui 1.0.122.202412011650]
> Start Console [org.eclipse.ui.console 3.14.100.v20240429-1358]
> Start Debug Core [org.eclipse.debug.core 3.21.500.v20240801-2219]
2025-02-05 08:56:23.543 - Connect with 'localhost' (oracle_thin-194c99fc2c9-60303fc7df6c0b49)
2025-02-05 08:56:23.568 - Execution context opened (localhost; Main; 0)
2025-02-05 08:56:23.978 - Execution context opened (localhost; Metadata; 1)
> Start DBeaver SQL Language Semantic Model [org.jkiss.dbeaver.model.lsm 1.0.39.202412011650]
2025-02-05 08:56:24.085 - Connected (oracle_thin-194c99fc2c9-60303fc7df6c0b49, Oracle JDBC driver [21.3.0.0.0])
2025-02-05 08:56:24.086 - Execution context opened (localhost; SQLEditor <Script.sql>; 2)
2025-02-05 08:56:25.473 - Open [https://dbeaver.io/product/version.xml]
2025-02-05 11:47:26.017 - Execution context closed (localhost, 2)
2025-02-05 11:47:32.746 - Connect with 'localhost' (oracle_thin-19486e16c73-17011ece751cc381)
2025-02-05 11:47:32.747 - Execution context opened (localhost; Main; 3)
2025-02-05 11:47:32.777 - Execution context opened (localhost; Metadata; 4)
2025-02-05 11:47:32.836 - Connected (oracle_thin-19486e16c73-17011ece751cc381, Oracle JDBC driver [21.3.0.0.0])
2025-02-05 11:47:39.189 - Execution context closed (localhost, 3)
2025-02-05 11:47:39.200 - Execution context closed (localhost, 4)
2025-02-05 11:47:39.200 - Disconnected (oracle_thin-19486e16c73-17011ece751cc381)
2025-02-05 11:47:40.834 - Connect with 'localhost' (oracle_thin-19486e16c73-17011ece751cc381)
2025-02-05 11:47:40.834 - Execution context opened (localhost; Main; 5)
2025-02-05 11:47:40.954 - Execution context opened (localhost; Metadata; 6)
2025-02-05 11:47:40.979 - Connected (oracle_thin-19486e16c73-17011ece751cc381, Oracle JDBC driver [21.3.0.0.0])
2025-02-05 11:47:42.117 - Execution context opened (localhost; SQLEditor <Script-1.sql>; 7)
2025-02-05 11:47:44.909 - Execution context opened (localhost; SQLEditor <Script.sql>; 8)
2025-02-05 17:56:09.564 - Execution context closed (localhost, 7)
2025-02-05 17:56:09.602 - Execution context closed (localhost, 8)
2025-02-05 17:56:09.754 - Dispose navigator model
2025-02-05 17:56:09.779 - DBeaver is stopping
2025-02-05 17:56:09.780 - Stop instance server
2025-02-05 17:56:10.785 - Instance server has been stopped
2025-02-05 17:56:10.785 - DBeaver shutdown completed
